{"C:\\ProyectosIA\\Events-Administrator\\frontend\\src\\components\\staff\\EventConfigStep.tsx": {"path":"C:\\ProyectosIA\\Events-Administrator\\frontend\\src\\components\\staff\\EventConfigStep.tsx","statementMap":{"0":{"start":{"line":16,"column":13},"end":{"line":123,"column":null}},"1":{"start":{"line":17,"column":8},"end":{"line":17,"column":32}},"2":{"start":{"line":18,"column":18},"end":{"line":18,"column":47}},"3":{"start":{"line":21,"column":19},"end":{"line":30,"column":4}},"4":{"start":{"line":32,"column":23},"end":{"line":75,"column":null}},"5":{"start":{"line":33,"column":4},"end":{"line":33,"column":null}},"6":{"start":{"line":34,"column":4},"end":{"line":34,"column":null}},"7":{"start":{"line":36,"column":4},"end":{"line":75,"column":null}},"8":{"start":{"line":38,"column":24},"end":{"line":46,"column":50}},"9":{"start":{"line":48,"column":26},"end":{"line":48,"column":null}},"10":{"start":{"line":51,"column":7},"end":{"line":54,"column":null}},"11":{"start":{"line":57,"column":7},"end":{"line":66,"column":null}},"12":{"start":{"line":66,"column":63},"end":{"line":66,"column":68}},"13":{"start":{"line":68,"column":7},"end":{"line":68,"column":null}},"14":{"start":{"line":69,"column":7},"end":{"line":69,"column":null}},"15":{"start":{"line":72,"column":7},"end":{"line":72,"column":null}},"16":{"start":{"line":73,"column":7},"end":{"line":73,"column":null}},"17":{"start":{"line":75,"column":6},"end":{"line":75,"column":null}},"18":{"start":{"line":79,"column":2},"end":{"line":123,"column":null}},"19":{"start":{"line":92,"column":150},"end":{"line":92,"column":207}},"20":{"start":{"line":99,"column":127},"end":{"line":99,"column":187}},"21":{"start":{"line":100,"column":123},"end":{"line":100,"column":181}},"22":{"start":{"line":101,"column":127},"end":{"line":101,"column":184}},"23":{"start":{"line":102,"column":123},"end":{"line":102,"column":178}},"24":{"start":{"line":103,"column":133},"end":{"line":103,"column":190}},"25":{"start":{"line":109,"column":162},"end":{"line":109,"column":233}},"26":{"start":{"line":110,"column":163},"end":{"line":110,"column":231}}},"fnMap":{"0":{"name":"(anonymous_0)","decl":{"start":{"line":16,"column":13},"end":{"line":16,"column":32}},"loc":{"start":{"line":16,"column":80},"end":{"line":123,"column":null}},"line":16},"1":{"name":"(anonymous_1)","decl":{"start":{"line":32,"column":23},"end":{"line":32,"column":30}},"loc":{"start":{"line":32,"column":53},"end":{"line":75,"column":null}},"line":32},"2":{"name":"(anonymous_2)","decl":{"start":{"line":66,"column":51},"end":{"line":66,"column":63}},"loc":{"start":{"line":66,"column":63},"end":{"line":66,"column":68}},"line":66},"3":{"name":"(anonymous_3)","decl":{"start":{"line":92,"column":137},"end":{"line":92,"column":147}},"loc":{"start":{"line":92,"column":150},"end":{"line":92,"column":207}},"line":92},"4":{"name":"(anonymous_4)","decl":{"start":{"line":99,"column":114},"end":{"line":99,"column":124}},"loc":{"start":{"line":99,"column":127},"end":{"line":99,"column":187}},"line":99},"5":{"name":"(anonymous_5)","decl":{"start":{"line":100,"column":110},"end":{"line":100,"column":120}},"loc":{"start":{"line":100,"column":123},"end":{"line":100,"column":181}},"line":100},"6":{"name":"(anonymous_6)","decl":{"start":{"line":101,"column":114},"end":{"line":101,"column":124}},"loc":{"start":{"line":101,"column":127},"end":{"line":101,"column":184}},"line":101},"7":{"name":"(anonymous_7)","decl":{"start":{"line":102,"column":110},"end":{"line":102,"column":120}},"loc":{"start":{"line":102,"column":123},"end":{"line":102,"column":178}},"line":102},"8":{"name":"(anonymous_8)","decl":{"start":{"line":103,"column":120},"end":{"line":103,"column":130}},"loc":{"start":{"line":103,"column":133},"end":{"line":103,"column":190}},"line":103},"9":{"name":"(anonymous_9)","decl":{"start":{"line":109,"column":149},"end":{"line":109,"column":159}},"loc":{"start":{"line":109,"column":162},"end":{"line":109,"column":233}},"line":109},"10":{"name":"(anonymous_10)","decl":{"start":{"line":110,"column":150},"end":{"line":110,"column":160}},"loc":{"start":{"line":110,"column":163},"end":{"line":110,"column":231}},"line":110}},"branchMap":{"0":{"loc":{"start":{"line":42,"column":31},"end":{"line":42,"column":63}},"type":"binary-expr","locations":[{"start":{"line":42,"column":31},"end":{"line":42,"column":53}},{"start":{"line":42,"column":53},"end":{"line":42,"column":63}}],"line":42},"1":{"loc":{"start":{"line":43,"column":21},"end":{"line":43,"column":null}},"type":"cond-expr","locations":[{"start":{"line":43,"column":45},"end":{"line":43,"column":90}},{"start":{"line":43,"column":93},"end":{"line":43,"column":null}}],"line":43},"2":{"loc":{"start":{"line":44,"column":19},"end":{"line":44,"column":null}},"type":"cond-expr","locations":[{"start":{"line":44,"column":38},"end":{"line":44,"column":78}},{"start":{"line":44,"column":81},"end":{"line":44,"column":null}}],"line":44},"3":{"loc":{"start":{"line":48,"column":26},"end":{"line":48,"column":null}},"type":"binary-expr","locations":[{"start":{"line":48,"column":26},"end":{"line":48,"column":41}},{"start":{"line":48,"column":41},"end":{"line":48,"column":null}}],"line":48},"4":{"loc":{"start":{"line":58,"column":28},"end":{"line":58,"column":124}},"type":"cond-expr","locations":[{"start":{"line":58,"column":52},"end":{"line":58,"column":97}},{"start":{"line":58,"column":100},"end":{"line":58,"column":124}}],"line":58},"5":{"loc":{"start":{"line":59,"column":26},"end":{"line":59,"column":118}},"type":"cond-expr","locations":[{"start":{"line":59,"column":48},"end":{"line":59,"column":91}},{"start":{"line":59,"column":94},"end":{"line":59,"column":118}}],"line":59},"6":{"loc":{"start":{"line":60,"column":25},"end":{"line":60,"column":115}},"type":"cond-expr","locations":[{"start":{"line":60,"column":46},"end":{"line":60,"column":88}},{"start":{"line":60,"column":91},"end":{"line":60,"column":115}}],"line":60},"7":{"loc":{"start":{"line":61,"column":23},"end":{"line":61,"column":109}},"type":"cond-expr","locations":[{"start":{"line":61,"column":42},"end":{"line":61,"column":82}},{"start":{"line":61,"column":85},"end":{"line":61,"column":109}}],"line":61},"8":{"loc":{"start":{"line":73,"column":41},"end":{"line":73,"column":76}},"type":"binary-expr","locations":[{"start":{"line":73,"column":41},"end":{"line":73,"column":57}},{"start":{"line":73,"column":57},"end":{"line":73,"column":76}}],"line":73},"9":{"loc":{"start":{"line":109,"column":200},"end":{"line":109,"column":228}},"type":"binary-expr","locations":[{"start":{"line":109,"column":200},"end":{"line":109,"column":224}},{"start":{"line":109,"column":226},"end":{"line":109,"column":228}}],"line":109},"10":{"loc":{"start":{"line":110,"column":198},"end":{"line":110,"column":226}},"type":"binary-expr","locations":[{"start":{"line":110,"column":198},"end":{"line":110,"column":222}},{"start":{"line":110,"column":224},"end":{"line":110,"column":226}}],"line":110}},"s":{"0":1,"1":23,"2":23,"3":23,"4":23,"5":2,"6":2,"7":2,"8":2,"9":1,"10":2,"11":1,"12":0,"13":1,"14":1,"15":1,"16":1,"17":2,"18":23,"19":2,"20":2,"21":2,"22":2,"23":2,"24":2,"25":1,"26":1},"f":{"0":23,"1":2,"2":0,"3":2,"4":2,"5":2,"6":2,"7":2,"8":2,"9":1,"10":1},"b":{"0":[2,0],"1":[2,0],"2":[2,0],"3":[1,0],"4":[1,0],"5":[1,0],"6":[1,0],"7":[1,0],"8":[1,0],"9":[1,1],"10":[1,1]},"meta":{"lastBranch":11,"lastFunction":11,"lastStatement":27,"seen":{"s:16:13:123:Infinity":0,"f:16:13:16:32":0,"s:17:8:17:32":1,"s:18:18:18:47":2,"s:21:19:30:4":3,"s:32:23:75:Infinity":4,"f:32:23:32:30":1,"s:33:4:33:Infinity":5,"s:34:4:34:Infinity":6,"s:36:4:75:Infinity":7,"s:38:24:46:50":8,"b:42:31:42:53:42:53:42:63":0,"b:43:45:43:90:43:93:43:Infinity":1,"b:44:38:44:78:44:81:44:Infinity":2,"s:48:26:48:Infinity":9,"b:48:26:48:41:48:41:48:Infinity":3,"s:51:7:54:Infinity":10,"s:57:7:66:Infinity":11,"b:58:52:58:97:58:100:58:124":4,"b:59:48:59:91:59:94:59:118":5,"b:60:46:60:88:60:91:60:115":6,"b:61:42:61:82:61:85:61:109":7,"f:66:51:66:63":2,"s:66:63:66:68":12,"s:68:7:68:Infinity":13,"s:69:7:69:Infinity":14,"s:72:7:72:Infinity":15,"s:73:7:73:Infinity":16,"b:73:41:73:57:73:57:73:76":8,"s:75:6:75:Infinity":17,"s:79:2:123:Infinity":18,"f:92:137:92:147":3,"s:92:150:92:207":19,"f:99:114:99:124":4,"s:99:127:99:187":20,"f:100:110:100:120":5,"s:100:123:100:181":21,"f:101:114:101:124":6,"s:101:127:101:184":22,"f:102:110:102:120":7,"s:102:123:102:178":23,"f:103:120:103:130":8,"s:103:133:103:190":24,"f:109:149:109:159":9,"s:109:162:109:233":25,"b:109:200:109:224:109:226:109:228":9,"f:110:150:110:160":10,"s:110:163:110:231":26,"b:110:198:110:222:110:224:110:226":10}}}
,"C:\\ProyectosIA\\Events-Administrator\\frontend\\src\\components\\staff\\LayoutStep.tsx": {"path":"C:\\ProyectosIA\\Events-Administrator\\frontend\\src\\components\\staff\\LayoutStep.tsx","statementMap":{"0":{"start":{"line":17,"column":13},"end":{"line":135,"column":null}},"1":{"start":{"line":18,"column":18},"end":{"line":18,"column":51}},"2":{"start":{"line":19,"column":18},"end":{"line":19,"column":47}},"3":{"start":{"line":20,"column":15},"end":{"line":20,"column":61}},"4":{"start":{"line":23,"column":18},"end":{"line":23,"column":44}},"5":{"start":{"line":24,"column":21},"end":{"line":24,"column":50}},"6":{"start":{"line":25,"column":23},"end":{"line":25,"column":54}},"7":{"start":{"line":27,"column":2},"end":{"line":31,"column":null}},"8":{"start":{"line":28,"column":4},"end":{"line":29,"column":null}},"9":{"start":{"line":29,"column":6},"end":{"line":29,"column":null}},"10":{"start":{"line":33,"column":22},"end":{"line":38,"column":null}},"11":{"start":{"line":34,"column":4},"end":{"line":38,"column":null}},"12":{"start":{"line":35,"column":18},"end":{"line":35,"column":124}},"13":{"start":{"line":36,"column":6},"end":{"line":36,"column":null}},"14":{"start":{"line":38,"column":6},"end":{"line":38,"column":null}},"15":{"start":{"line":42,"column":8},"end":{"line":44,"column":null}},"16":{"start":{"line":43,"column":4},"end":{"line":43,"column":null}},"17":{"start":{"line":44,"column":4},"end":{"line":44,"column":null}},"18":{"start":{"line":47,"column":34},"end":{"line":75,"column":null}},"19":{"start":{"line":48,"column":4},"end":{"line":48,"column":null}},"20":{"start":{"line":48,"column":17},"end":{"line":48,"column":null}},"21":{"start":{"line":49,"column":4},"end":{"line":49,"column":null}},"22":{"start":{"line":50,"column":4},"end":{"line":75,"column":null}},"23":{"start":{"line":52,"column":24},"end":{"line":52,"column":167}},"24":{"start":{"line":53,"column":30},"end":{"line":53,"column":null}},"25":{"start":{"line":57,"column":28},"end":{"line":57,"column":30}},"26":{"start":{"line":58,"column":6},"end":{"line":65,"column":null}},"27":{"start":{"line":58,"column":18},"end":{"line":58,"column":21}},"28":{"start":{"line":59,"column":9},"end":{"line":65,"column":null}},"29":{"start":{"line":64,"column":68},"end":{"line":64,"column":73}},"30":{"start":{"line":68,"column":6},"end":{"line":68,"column":null}},"31":{"start":{"line":70,"column":6},"end":{"line":70,"column":null}},"32":{"start":{"line":71,"column":6},"end":{"line":71,"column":null}},"33":{"start":{"line":73,"column":6},"end":{"line":73,"column":null}},"34":{"start":{"line":75,"column":6},"end":{"line":75,"column":null}},"35":{"start":{"line":79,"column":2},"end":{"line":135,"column":null}},"36":{"start":{"line":89,"column":101},"end":{"line":89,"column":116}},"37":{"start":{"line":94,"column":14},"end":{"line":102,"column":null}},"38":{"start":{"line":97,"column":32},"end":{"line":97,"column":66}},"39":{"start":{"line":108,"column":103},"end":{"line":108,"column":141}},"40":{"start":{"line":114,"column":110},"end":{"line":114,"column":140}},"41":{"start":{"line":117,"column":118},"end":{"line":117,"column":164}},"42":{"start":{"line":118,"column":120},"end":{"line":118,"column":168}}},"fnMap":{"0":{"name":"(anonymous_0)","decl":{"start":{"line":17,"column":13},"end":{"line":17,"column":27}},"loc":{"start":{"line":17,"column":98},"end":{"line":135,"column":null}},"line":17},"1":{"name":"(anonymous_1)","decl":{"start":{"line":27,"column":2},"end":{"line":27,"column":18}},"loc":{"start":{"line":27,"column":18},"end":{"line":31,"column":6}},"line":27},"2":{"name":"(anonymous_2)","decl":{"start":{"line":33,"column":22},"end":{"line":33,"column":34}},"loc":{"start":{"line":33,"column":34},"end":{"line":38,"column":null}},"line":33},"3":{"name":"(anonymous_3)","decl":{"start":{"line":42,"column":8},"end":{"line":42,"column":24}},"loc":{"start":{"line":42,"column":35},"end":{"line":44,"column":null}},"line":42},"4":{"name":"(anonymous_4)","decl":{"start":{"line":47,"column":34},"end":{"line":47,"column":46}},"loc":{"start":{"line":47,"column":46},"end":{"line":75,"column":null}},"line":47},"5":{"name":"(anonymous_5)","decl":{"start":{"line":64,"column":56},"end":{"line":64,"column":68}},"loc":{"start":{"line":64,"column":68},"end":{"line":64,"column":73}},"line":64},"6":{"name":"(anonymous_6)","decl":{"start":{"line":89,"column":86},"end":{"line":89,"column":101}},"loc":{"start":{"line":89,"column":101},"end":{"line":89,"column":116}},"line":89},"7":{"name":"(anonymous_7)","decl":{"start":{"line":93,"column":21},"end":{"line":93,"column":25}},"loc":{"start":{"line":94,"column":14},"end":{"line":102,"column":null}},"line":94},"8":{"name":"(anonymous_8)","decl":{"start":{"line":97,"column":17},"end":{"line":97,"column":32}},"loc":{"start":{"line":97,"column":32},"end":{"line":97,"column":66}},"line":97},"9":{"name":"(anonymous_9)","decl":{"start":{"line":108,"column":88},"end":{"line":108,"column":103}},"loc":{"start":{"line":108,"column":103},"end":{"line":108,"column":141}},"line":108},"10":{"name":"(anonymous_10)","decl":{"start":{"line":114,"column":97},"end":{"line":114,"column":107}},"loc":{"start":{"line":114,"column":110},"end":{"line":114,"column":140}},"line":114},"11":{"name":"(anonymous_11)","decl":{"start":{"line":117,"column":105},"end":{"line":117,"column":115}},"loc":{"start":{"line":117,"column":118},"end":{"line":117,"column":164}},"line":117},"12":{"name":"(anonymous_12)","decl":{"start":{"line":118,"column":107},"end":{"line":118,"column":117}},"loc":{"start":{"line":118,"column":120},"end":{"line":118,"column":168}},"line":118}},"branchMap":{"0":{"loc":{"start":{"line":28,"column":4},"end":{"line":29,"column":null}},"type":"if","locations":[{"start":{"line":28,"column":4},"end":{"line":29,"column":null}},{"start":{},"end":{}}],"line":28},"1":{"loc":{"start":{"line":36,"column":17},"end":{"line":36,"column":69}},"type":"cond-expr","locations":[{"start":{"line":36,"column":38},"end":{"line":36,"column":45}},{"start":{"line":36,"column":45},"end":{"line":36,"column":69}}],"line":36},"2":{"loc":{"start":{"line":36,"column":45},"end":{"line":36,"column":69}},"type":"binary-expr","locations":[{"start":{"line":36,"column":45},"end":{"line":36,"column":67}},{"start":{"line":36,"column":67},"end":{"line":36,"column":69}}],"line":36},"3":{"loc":{"start":{"line":48,"column":4},"end":{"line":48,"column":null}},"type":"if","locations":[{"start":{"line":48,"column":4},"end":{"line":48,"column":null}},{"start":{},"end":{}}],"line":48},"4":{"loc":{"start":{"line":53,"column":30},"end":{"line":53,"column":null}},"type":"binary-expr","locations":[{"start":{"line":53,"column":30},"end":{"line":53,"column":46}},{"start":{"line":53,"column":46},"end":{"line":53,"column":null}}],"line":53},"5":{"loc":{"start":{"line":73,"column":43},"end":{"line":73,"column":78}},"type":"binary-expr","locations":[{"start":{"line":73,"column":43},"end":{"line":73,"column":59}},{"start":{"line":73,"column":59},"end":{"line":73,"column":78}}],"line":73},"6":{"loc":{"start":{"line":89,"column":37},"end":{"line":89,"column":64}},"type":"cond-expr","locations":[{"start":{"line":89,"column":55},"end":{"line":89,"column":59}},{"start":{"line":89,"column":59},"end":{"line":89,"column":64}}],"line":89},"7":{"loc":{"start":{"line":92,"column":13},"end":{"line":92,"column":null}},"type":"cond-expr","locations":[{"start":{"line":92,"column":36},"end":{"line":92,"column":null}},{"start":{"line":92,"column":147},"end":{"line":92,"column":null}}],"line":92},"8":{"loc":{"start":{"line":97,"column":32},"end":{"line":97,"column":66}},"type":"binary-expr","locations":[{"start":{"line":97,"column":32},"end":{"line":97,"column":51}},{"start":{"line":97,"column":51},"end":{"line":97,"column":66}}],"line":97},"9":{"loc":{"start":{"line":98,"column":103},"end":{"line":98,"column":145}},"type":"cond-expr","locations":[{"start":{"line":98,"column":121},"end":{"line":98,"column":133}},{"start":{"line":98,"column":133},"end":{"line":98,"column":145}}],"line":98},"10":{"loc":{"start":{"line":108,"column":37},"end":{"line":108,"column":66}},"type":"cond-expr","locations":[{"start":{"line":108,"column":57},"end":{"line":108,"column":61}},{"start":{"line":108,"column":61},"end":{"line":108,"column":66}}],"line":108},"11":{"loc":{"start":{"line":108,"column":103},"end":{"line":108,"column":141}},"type":"binary-expr","locations":[{"start":{"line":108,"column":103},"end":{"line":108,"column":124}},{"start":{"line":108,"column":124},"end":{"line":108,"column":141}}],"line":108},"12":{"loc":{"start":{"line":113,"column":94},"end":{"line":113,"column":131}},"type":"cond-expr","locations":[{"start":{"line":113,"column":114},"end":{"line":113,"column":123}},{"start":{"line":113,"column":123},"end":{"line":113,"column":131}}],"line":113},"13":{"loc":{"start":{"line":117,"column":132},"end":{"line":117,"column":164}},"type":"binary-expr","locations":[{"start":{"line":117,"column":132},"end":{"line":117,"column":156}},{"start":{"line":117,"column":158},"end":{"line":117,"column":164}}],"line":117},"14":{"loc":{"start":{"line":118,"column":136},"end":{"line":118,"column":168}},"type":"binary-expr","locations":[{"start":{"line":118,"column":136},"end":{"line":118,"column":160}},{"start":{"line":118,"column":162},"end":{"line":118,"column":168}}],"line":118},"15":{"loc":{"start":{"line":125,"column":14},"end":{"line":126,"column":null}},"type":"binary-expr","locations":[{"start":{"line":125,"column":14},"end":{"line":125,"column":null}},{"start":{"line":126,"column":15},"end":{"line":126,"column":null}}],"line":125}},"s":{"0":1,"1":24,"2":24,"3":24,"4":24,"5":24,"6":24,"7":24,"8":7,"9":7,"10":24,"11":7,"12":7,"13":6,"14":1,"15":24,"16":1,"17":1,"18":24,"19":3,"20":1,"21":2,"22":2,"23":2,"24":1,"25":3,"26":3,"27":3,"28":2,"29":0,"30":2,"31":1,"32":1,"33":1,"34":2,"35":24,"36":1,"37":3,"38":1,"39":6,"40":2,"41":2,"42":2},"f":{"0":24,"1":7,"2":7,"3":1,"4":3,"5":0,"6":1,"7":3,"8":1,"9":6,"10":2,"11":2,"12":2},"b":{"0":[7,0],"1":[5,1],"2":[1,1],"3":[1,2],"4":[1,0],"5":[1,0],"6":[11,13],"7":[21,3],"8":[1,1],"9":[3,0],"10":[13,11],"11":[6,3],"12":[13,11],"13":[2,1],"14":[2,1],"15":[24,13]},"meta":{"lastBranch":16,"lastFunction":13,"lastStatement":43,"seen":{"s:17:13:135:Infinity":0,"f:17:13:17:27":0,"s:18:18:18:51":1,"s:19:18:19:47":2,"s:20:15:20:61":3,"s:23:18:23:44":4,"s:24:21:24:50":5,"s:25:23:25:54":6,"s:27:2:31:Infinity":7,"f:27:2:27:18":1,"b:28:4:29:Infinity:undefined:undefined:undefined:undefined":0,"s:28:4:29:Infinity":8,"s:29:6:29:Infinity":9,"s:33:22:38:Infinity":10,"f:33:22:33:34":2,"s:34:4:38:Infinity":11,"s:35:18:35:124":12,"s:36:6:36:Infinity":13,"b:36:38:36:45:36:45:36:69":1,"b:36:45:36:67:36:67:36:69":2,"s:38:6:38:Infinity":14,"s:42:8:44:Infinity":15,"f:42:8:42:24":3,"s:43:4:43:Infinity":16,"s:44:4:44:Infinity":17,"s:47:34:75:Infinity":18,"f:47:34:47:46":4,"b:48:4:48:Infinity:undefined:undefined:undefined:undefined":3,"s:48:4:48:Infinity":19,"s:48:17:48:Infinity":20,"s:49:4:49:Infinity":21,"s:50:4:75:Infinity":22,"s:52:24:52:167":23,"s:53:30:53:Infinity":24,"b:53:30:53:46:53:46:53:Infinity":4,"s:57:28:57:30":25,"s:58:6:65:Infinity":26,"s:58:18:58:21":27,"s:59:9:65:Infinity":28,"f:64:56:64:68":5,"s:64:68:64:73":29,"s:68:6:68:Infinity":30,"s:70:6:70:Infinity":31,"s:71:6:71:Infinity":32,"s:73:6:73:Infinity":33,"b:73:43:73:59:73:59:73:78":5,"s:75:6:75:Infinity":34,"s:79:2:135:Infinity":35,"b:89:55:89:59:89:59:89:64":6,"f:89:86:89:101":6,"s:89:101:89:116":36,"b:92:36:92:Infinity:92:147:92:Infinity":7,"f:93:21:93:25":7,"s:94:14:102:Infinity":37,"f:97:17:97:32":8,"s:97:32:97:66":38,"b:97:32:97:51:97:51:97:66":8,"b:98:121:98:133:98:133:98:145":9,"b:108:57:108:61:108:61:108:66":10,"f:108:88:108:103":9,"s:108:103:108:141":39,"b:108:103:108:124:108:124:108:141":11,"b:113:114:113:123:113:123:113:131":12,"f:114:97:114:107":10,"s:114:110:114:140":40,"f:117:105:117:115":11,"s:117:118:117:164":41,"b:117:132:117:156:117:158:117:164":13,"f:118:107:118:117":12,"s:118:120:118:168":42,"b:118:136:118:160:118:162:118:168":14,"b:125:14:125:Infinity:126:15:126:Infinity":15}}}
,"C:\\ProyectosIA\\Events-Administrator\\frontend\\src\\components\\staff\\VenueStep.tsx": {"path":"C:\\ProyectosIA\\Events-Administrator\\frontend\\src\\components\\staff\\VenueStep.tsx","statementMap":{"0":{"start":{"line":16,"column":13},"end":{"line":108,"column":null}},"1":{"start":{"line":17,"column":17},"end":{"line":17,"column":49}},"2":{"start":{"line":18,"column":18},"end":{"line":18,"column":47}},"3":{"start":{"line":19,"column":15},"end":{"line":19,"column":61}},"4":{"start":{"line":22,"column":19},"end":{"line":22,"column":87}},"5":{"start":{"line":24,"column":2},"end":{"line":28,"column":null}},"6":{"start":{"line":25,"column":4},"end":{"line":26,"column":null}},"7":{"start":{"line":26,"column":6},"end":{"line":26,"column":null}},"8":{"start":{"line":30,"column":21},"end":{"line":35,"column":null}},"9":{"start":{"line":31,"column":4},"end":{"line":35,"column":null}},"10":{"start":{"line":32,"column":18},"end":{"line":32,"column":127}},"11":{"start":{"line":33,"column":6},"end":{"line":33,"column":null}},"12":{"start":{"line":35,"column":6},"end":{"line":35,"column":null}},"13":{"start":{"line":39,"column":8},"end":{"line":41,"column":null}},"14":{"start":{"line":40,"column":4},"end":{"line":40,"column":null}},"15":{"start":{"line":41,"column":4},"end":{"line":41,"column":null}},"16":{"start":{"line":44,"column":23},"end":{"line":60,"column":null}},"17":{"start":{"line":45,"column":4},"end":{"line":45,"column":null}},"18":{"start":{"line":45,"column":44},"end":{"line":45,"column":null}},"19":{"start":{"line":46,"column":4},"end":{"line":46,"column":null}},"20":{"start":{"line":47,"column":4},"end":{"line":60,"column":null}},"21":{"start":{"line":48,"column":22},"end":{"line":53,"column":null}},"22":{"start":{"line":54,"column":18},"end":{"line":54,"column":104}},"23":{"start":{"line":55,"column":6},"end":{"line":55,"column":null}},"24":{"start":{"line":56,"column":6},"end":{"line":56,"column":null}},"25":{"start":{"line":58,"column":6},"end":{"line":58,"column":null}},"26":{"start":{"line":60,"column":6},"end":{"line":60,"column":null}},"27":{"start":{"line":64,"column":2},"end":{"line":108,"column":null}},"28":{"start":{"line":72,"column":101},"end":{"line":72,"column":116}},"29":{"start":{"line":77,"column":14},"end":{"line":88,"column":null}},"30":{"start":{"line":80,"column":32},"end":{"line":80,"column":66}},"31":{"start":{"line":94,"column":103},"end":{"line":94,"column":141}},"32":{"start":{"line":100,"column":90},"end":{"line":100,"column":138}},"33":{"start":{"line":101,"column":88},"end":{"line":101,"column":143}},"34":{"start":{"line":103,"column":100},"end":{"line":103,"column":151}},"35":{"start":{"line":104,"column":101},"end":{"line":104,"column":152}}},"fnMap":{"0":{"name":"(anonymous_0)","decl":{"start":{"line":16,"column":13},"end":{"line":16,"column":26}},"loc":{"start":{"line":16,"column":89},"end":{"line":108,"column":null}},"line":16},"1":{"name":"(anonymous_1)","decl":{"start":{"line":24,"column":2},"end":{"line":24,"column":18}},"loc":{"start":{"line":24,"column":18},"end":{"line":28,"column":6}},"line":24},"2":{"name":"(anonymous_2)","decl":{"start":{"line":30,"column":21},"end":{"line":30,"column":33}},"loc":{"start":{"line":30,"column":33},"end":{"line":35,"column":null}},"line":30},"3":{"name":"(anonymous_3)","decl":{"start":{"line":39,"column":8},"end":{"line":39,"column":24}},"loc":{"start":{"line":39,"column":35},"end":{"line":41,"column":null}},"line":39},"4":{"name":"(anonymous_4)","decl":{"start":{"line":44,"column":23},"end":{"line":44,"column":35}},"loc":{"start":{"line":44,"column":35},"end":{"line":60,"column":null}},"line":44},"5":{"name":"(anonymous_5)","decl":{"start":{"line":72,"column":86},"end":{"line":72,"column":101}},"loc":{"start":{"line":72,"column":101},"end":{"line":72,"column":116}},"line":72},"6":{"name":"(anonymous_6)","decl":{"start":{"line":76,"column":20},"end":{"line":76,"column":24}},"loc":{"start":{"line":77,"column":14},"end":{"line":88,"column":null}},"line":77},"7":{"name":"(anonymous_7)","decl":{"start":{"line":80,"column":17},"end":{"line":80,"column":32}},"loc":{"start":{"line":80,"column":32},"end":{"line":80,"column":66}},"line":80},"8":{"name":"(anonymous_8)","decl":{"start":{"line":94,"column":88},"end":{"line":94,"column":103}},"loc":{"start":{"line":94,"column":103},"end":{"line":94,"column":141}},"line":94},"9":{"name":"(anonymous_9)","decl":{"start":{"line":100,"column":77},"end":{"line":100,"column":87}},"loc":{"start":{"line":100,"column":90},"end":{"line":100,"column":138}},"line":100},"10":{"name":"(anonymous_10)","decl":{"start":{"line":101,"column":75},"end":{"line":101,"column":85}},"loc":{"start":{"line":101,"column":88},"end":{"line":101,"column":143}},"line":101},"11":{"name":"(anonymous_11)","decl":{"start":{"line":103,"column":87},"end":{"line":103,"column":97}},"loc":{"start":{"line":103,"column":100},"end":{"line":103,"column":151}},"line":103},"12":{"name":"(anonymous_12)","decl":{"start":{"line":104,"column":88},"end":{"line":104,"column":98}},"loc":{"start":{"line":104,"column":101},"end":{"line":104,"column":152}},"line":104}},"branchMap":{"0":{"loc":{"start":{"line":25,"column":4},"end":{"line":26,"column":null}},"type":"if","locations":[{"start":{"line":25,"column":4},"end":{"line":26,"column":null}},{"start":{},"end":{}}],"line":25},"1":{"loc":{"start":{"line":33,"column":16},"end":{"line":33,"column":59}},"type":"cond-expr","locations":[{"start":{"line":33,"column":37},"end":{"line":33,"column":43}},{"start":{"line":33,"column":43},"end":{"line":33,"column":59}}],"line":33},"2":{"loc":{"start":{"line":33,"column":43},"end":{"line":33,"column":59}},"type":"binary-expr","locations":[{"start":{"line":33,"column":43},"end":{"line":33,"column":57}},{"start":{"line":33,"column":57},"end":{"line":33,"column":59}}],"line":33},"3":{"loc":{"start":{"line":45,"column":4},"end":{"line":45,"column":null}},"type":"if","locations":[{"start":{"line":45,"column":4},"end":{"line":45,"column":null}},{"start":{},"end":{}}],"line":45},"4":{"loc":{"start":{"line":45,"column":7},"end":{"line":45,"column":44}},"type":"binary-expr","locations":[{"start":{"line":45,"column":7},"end":{"line":45,"column":25}},{"start":{"line":45,"column":25},"end":{"line":45,"column":44}}],"line":45},"5":{"loc":{"start":{"line":55,"column":65},"end":{"line":55,"column":92}},"type":"binary-expr","locations":[{"start":{"line":55,"column":65},"end":{"line":55,"column":77}},{"start":{"line":55,"column":77},"end":{"line":55,"column":92}}],"line":55},"6":{"loc":{"start":{"line":58,"column":36},"end":{"line":58,"column":71}},"type":"binary-expr","locations":[{"start":{"line":58,"column":36},"end":{"line":58,"column":52}},{"start":{"line":58,"column":52},"end":{"line":58,"column":71}}],"line":58},"7":{"loc":{"start":{"line":72,"column":37},"end":{"line":72,"column":64}},"type":"cond-expr","locations":[{"start":{"line":72,"column":55},"end":{"line":72,"column":59}},{"start":{"line":72,"column":59},"end":{"line":72,"column":64}}],"line":72},"8":{"loc":{"start":{"line":75,"column":13},"end":{"line":75,"column":null}},"type":"cond-expr","locations":[{"start":{"line":75,"column":35},"end":{"line":75,"column":null}},{"start":{"line":75,"column":101},"end":{"line":75,"column":null}}],"line":75},"9":{"loc":{"start":{"line":80,"column":32},"end":{"line":80,"column":66}},"type":"binary-expr","locations":[{"start":{"line":80,"column":32},"end":{"line":80,"column":51}},{"start":{"line":80,"column":51},"end":{"line":80,"column":66}}],"line":80},"10":{"loc":{"start":{"line":81,"column":103},"end":{"line":81,"column":145}},"type":"cond-expr","locations":[{"start":{"line":81,"column":121},"end":{"line":81,"column":133}},{"start":{"line":81,"column":133},"end":{"line":81,"column":145}}],"line":81},"11":{"loc":{"start":{"line":81,"column":153},"end":{"line":81,"column":222}},"type":"cond-expr","locations":[{"start":{"line":81,"column":183},"end":{"line":81,"column":219}},{"start":{"line":81,"column":219},"end":{"line":81,"column":222}}],"line":81},"12":{"loc":{"start":{"line":94,"column":37},"end":{"line":94,"column":66}},"type":"cond-expr","locations":[{"start":{"line":94,"column":57},"end":{"line":94,"column":61}},{"start":{"line":94,"column":61},"end":{"line":94,"column":66}}],"line":94},"13":{"loc":{"start":{"line":94,"column":103},"end":{"line":94,"column":141}},"type":"binary-expr","locations":[{"start":{"line":94,"column":103},"end":{"line":94,"column":124}},{"start":{"line":94,"column":124},"end":{"line":94,"column":141}}],"line":94},"14":{"loc":{"start":{"line":99,"column":94},"end":{"line":99,"column":131}},"type":"cond-expr","locations":[{"start":{"line":99,"column":114},"end":{"line":99,"column":123}},{"start":{"line":99,"column":123},"end":{"line":99,"column":131}}],"line":99},"15":{"loc":{"start":{"line":107,"column":14},"end":{"line":108,"column":null}},"type":"binary-expr","locations":[{"start":{"line":107,"column":14},"end":{"line":107,"column":null}},{"start":{"line":108,"column":15},"end":{"line":108,"column":null}}],"line":107}},"s":{"0":1,"1":21,"2":21,"3":21,"4":21,"5":21,"6":6,"7":6,"8":21,"9":6,"10":6,"11":5,"12":1,"13":21,"14":1,"15":1,"16":21,"17":3,"18":1,"19":2,"20":2,"21":2,"22":2,"23":1,"24":3,"25":1,"26":2,"27":21,"28":1,"29":3,"30":1,"31":6,"32":2,"33":2,"34":0,"35":0},"f":{"0":21,"1":6,"2":6,"3":1,"4":3,"5":1,"6":3,"7":1,"8":6,"9":2,"10":2,"11":0,"12":0},"b":{"0":[6,0],"1":[5,0],"2":[0,0],"3":[1,2],"4":[3,2],"5":[1,0],"6":[1,0],"7":[10,11],"8":[18,3],"9":[1,1],"10":[3,0],"11":[0,3],"12":[11,10],"13":[6,3],"14":[11,10],"15":[21,11]},"meta":{"lastBranch":16,"lastFunction":13,"lastStatement":36,"seen":{"s:16:13:108:Infinity":0,"f:16:13:16:26":0,"s:17:17:17:49":1,"s:18:18:18:47":2,"s:19:15:19:61":3,"s:22:19:22:87":4,"s:24:2:28:Infinity":5,"f:24:2:24:18":1,"b:25:4:26:Infinity:undefined:undefined:undefined:undefined":0,"s:25:4:26:Infinity":6,"s:26:6:26:Infinity":7,"s:30:21:35:Infinity":8,"f:30:21:30:33":2,"s:31:4:35:Infinity":9,"s:32:18:32:127":10,"s:33:6:33:Infinity":11,"b:33:37:33:43:33:43:33:59":1,"b:33:43:33:57:33:57:33:59":2,"s:35:6:35:Infinity":12,"s:39:8:41:Infinity":13,"f:39:8:39:24":3,"s:40:4:40:Infinity":14,"s:41:4:41:Infinity":15,"s:44:23:60:Infinity":16,"f:44:23:44:35":4,"b:45:4:45:Infinity:undefined:undefined:undefined:undefined":3,"s:45:4:45:Infinity":17,"b:45:7:45:25:45:25:45:44":4,"s:45:44:45:Infinity":18,"s:46:4:46:Infinity":19,"s:47:4:60:Infinity":20,"s:48:22:53:Infinity":21,"s:54:18:54:104":22,"s:55:6:55:Infinity":23,"b:55:65:55:77:55:77:55:92":5,"s:56:6:56:Infinity":24,"s:58:6:58:Infinity":25,"b:58:36:58:52:58:52:58:71":6,"s:60:6:60:Infinity":26,"s:64:2:108:Infinity":27,"b:72:55:72:59:72:59:72:64":7,"f:72:86:72:101":5,"s:72:101:72:116":28,"b:75:35:75:Infinity:75:101:75:Infinity":8,"f:76:20:76:24":6,"s:77:14:88:Infinity":29,"f:80:17:80:32":7,"s:80:32:80:66":30,"b:80:32:80:51:80:51:80:66":9,"b:81:121:81:133:81:133:81:145":10,"b:81:183:81:219:81:219:81:222":11,"b:94:57:94:61:94:61:94:66":12,"f:94:88:94:103":8,"s:94:103:94:141":31,"b:94:103:94:124:94:124:94:141":13,"b:99:114:99:123:99:123:99:131":14,"f:100:77:100:87":9,"s:100:90:100:138":32,"f:101:75:101:85":10,"s:101:88:101:143":33,"f:103:87:103:97":11,"s:103:100:103:151":34,"f:104:88:104:98":12,"s:104:101:104:152":35,"b:107:14:107:Infinity:108:15:108:Infinity":15}}}
}
